Watching for file changes with StatReloader
"GET / HTTP/1.1" 200 9
"GET /about HTTP/1.1" 200 34
C:\Django\Seminar_1\Seminar_1\settings.py changed, reloading.
Watching for file changes with StatReloader
"GET / HTTP/1.1" 200 9
C:\Django\Seminar_1\Seminar_1\settings.py changed, reloading.
Watching for file changes with StatReloader
"GET / HTTP/1.1" 200 9
"GET /about HTTP/1.1" 200 34
C:\Django\Seminar_1\Seminar_1\settings.py changed, reloading.
Watching for file changes with StatReloader
C:\Django\Seminar_1\Seminar_1\settings.py changed, reloading.
Watching for file changes with StatReloader
C:\Django\Seminar_1\Seminar_1\settings.py changed, reloading.
Watching for file changes with StatReloader
Watching for file changes with StatReloader
C:\Django\Seminar_1\Seminar_1\settings.py changed, reloading.
Watching for file changes with StatReloader
Watching for file changes with StatReloader
C:\Django\Seminar_1\Seminar_1\settings.py changed, reloading.
Watching for file changes with StatReloader
Invalid HTTP_HOST header: '127.0.0.1:8000'. You may need to add '127.0.0.1' to ALLOWED_HOSTS.
Traceback (most recent call last):
  File "C:\Users\aray1\venv\Lib\site-packages\django\core\handlers\exception.py", line 55, in inner
    response = get_response(request)
               ^^^^^^^^^^^^^^^^^^^^^
  File "C:\Users\aray1\venv\Lib\site-packages\django\utils\deprecation.py", line 133, in __call__
    response = self.process_request(request)
               ^^^^^^^^^^^^^^^^^^^^^^^^^^^^^
  File "C:\Users\aray1\venv\Lib\site-packages\django\middleware\common.py", line 48, in process_request
    host = request.get_host()
           ^^^^^^^^^^^^^^^^^^
  File "C:\Users\aray1\venv\Lib\site-packages\django\http\request.py", line 150, in get_host
    raise DisallowedHost(msg)
django.core.exceptions.DisallowedHost: Invalid HTTP_HOST header: '127.0.0.1:8000'. You may need to add '127.0.0.1' to ALLOWED_HOSTS.
Bad Request: /
"GET / HTTP/1.1" 400 67794
C:\Django\Seminar_1\Seminar_1\settings.py changed, reloading.
Watching for file changes with StatReloader
"GET / HTTP/1.1" 200 9
C:\Django\Seminar_1\Seminar_1\settings.py changed, reloading.
Watching for file changes with StatReloader
C:\Django\Seminar_1\Seminar_1\settings.py changed, reloading.
Watching for file changes with StatReloader
C:\Django\Seminar_1\Tasks_and_HW\views.py changed, reloading.
Watching for file changes with StatReloader
Watching for file changes with StatReloader
"GET / HTTP/1.1" 200 9
"GET /hello HTTP/1.1" 200 15
Not Found: /hello/Johny
"GET /hello/Johny HTTP/1.1" 404 2607
Not Found: /hello/Johny
"GET /hello/Johny HTTP/1.1" 404 2607
C:\Django\Seminar_1\Tasks_and_HW\urls.py changed, reloading.
Watching for file changes with StatReloader
Watching for file changes with StatReloader
"GET / HTTP/1.1" 200 9
Not Found: /hello/Johny
"GET /hello/Johny HTTP/1.1" 404 2614
C:\Django\Seminar_1\Tasks_and_HW\views.py changed, reloading.
Watching for file changes with StatReloader
Watching for file changes with StatReloader
Watching for file changes with StatReloader
"GET / HTTP/1.1" 200 9
"GET /check HTTP/1.1" 200 5
